Using pre-set license
Built from '2020.3/staging' branch; Version is '2020.3.19f1 (68f137dc9bbe) revision 6877495'; Using compiler version '192528614'; Build Type 'Release'
OS: 'Windows 10 Pro; OS build 19043.1466; Version 2009; 64bit' Language: 'en' Physical Memory: 32655 MB
BatchMode: 1, IsHumanControllingUs: 0, StartBugReporterOnCrash: 0, Is64bit: 1, IsPro: 0

COMMAND LINE ARGUMENTS:
C:\Program Files\Unity\Hub\Editor\2020.3.19f1\Editor\Unity.exe
-adb2
-batchMode
-noUpm
-name
AssetImportWorker0
-projectPath
C:/Repos/GDP-Prototype1/GDP-VRMobile
-logFile
Logs/AssetImportWorker0.log
-srvPort
56154
Successfully changed project path to: C:/Repos/GDP-Prototype1/GDP-VRMobile
C:/Repos/GDP-Prototype1/GDP-VRMobile
Using Asset Import Pipeline V2.
Refreshing native plugins compatible for Editor in 79.61 ms, found 6 plugins.
Preloading 1 native plugins for Editor in 0.63 ms.
Initialize engine version: 2020.3.19f1 (68f137dc9bbe)
[Subsystems] Discovering subsystems at path C:/Program Files/Unity/Hub/Editor/2020.3.19f1/Editor/Data/Resources/UnitySubsystems
[Subsystems] Discovering subsystems at path C:/Repos/GDP-Prototype1/GDP-VRMobile/Assets
GfxDevice: creating device client; threaded=0
Direct3D:
    Version:  Direct3D 11.0 [level 11.1]
    Renderer: NVIDIA GeForce RTX 3060 Ti (ID=0x2489)
    Vendor:   
    VRAM:     8050 MB
    Driver:   30.0.14.7196
Shader 'Oculus/OVRMRCameraFrameLit': fallback shader 'Alpha-Diffuse' not found
Initialize mono
Mono path[0] = 'C:/Program Files/Unity/Hub/Editor/2020.3.19f1/Editor/Data/Managed'
Mono path[1] = 'C:/Program Files/Unity/Hub/Editor/2020.3.19f1/Editor/Data/MonoBleedingEdge/lib/mono/unityjit'
Mono config path = 'C:/Program Files/Unity/Hub/Editor/2020.3.19f1/Editor/Data/MonoBleedingEdge/etc'
Using monoOptions --debugger-agent=transport=dt_socket,embedding=1,server=y,suspend=n,address=127.0.0.1:56816
Begin MonoManager ReloadAssembly
Registering precompiled unity dll's ...
Register platform support module: C:/Program Files/Unity/Hub/Editor/2020.3.19f1/Editor/Data/PlaybackEngines/WebGLSupport/UnityEditor.WebGL.Extensions.dll
Register platform support module: C:/Program Files/Unity/Hub/Editor/2020.3.19f1/Editor/Data/PlaybackEngines/MacStandaloneSupport/UnityEditor.OSXStandalone.Extensions.dll
Register platform support module: C:/Program Files/Unity/Hub/Editor/2020.3.19f1/Editor/Data/PlaybackEngines/WindowsStandaloneSupport/UnityEditor.WindowsStandalone.Extensions.dll
Registered in 0.002214 seconds.
Native extension for WindowsStandalone target not found
Native extension for OSXStandalone target not found
Native extension for WebGL target not found
Refreshing native plugins compatible for Editor in 68.47 ms, found 6 plugins.
Preloading 1 native plugins for Editor in 0.06 ms.
Mono: successfully reloaded assembly
- Completed reload, in  1.497 seconds
Domain Reload Profiling:
	ReloadAssembly (1497ms)
		BeginReloadAssembly (48ms)
			ExecutionOrderSort (0ms)
			DisableScriptedObjects (0ms)
			BackupInstance (0ms)
			ReleaseScriptingObjects (0ms)
			CreateAndSetChildDomain (1ms)
		EndReloadAssembly (333ms)
			LoadAssemblies (45ms)
			RebuildTransferFunctionScriptingTraits (0ms)
			SetupTypeCache (98ms)
			ReleaseScriptCaches (0ms)
			RebuildScriptCaches (18ms)
			SetupLoadedEditorAssemblies (158ms)
				LogAssemblyErrors (0ms)
				InitializePlatformSupportModulesInManaged (4ms)
				SetLoadedEditorAssemblies (0ms)
				RefreshPlugins (69ms)
				BeforeProcessingInitializeOnLoad (12ms)
				ProcessInitializeOnLoadAttributes (54ms)
				ProcessInitializeOnLoadMethodAttributes (19ms)
				AfterProcessingInitializeOnLoad (0ms)
				EditorAssembliesLoaded (0ms)
			ExecutionOrderSort2 (0ms)
			AwakeInstancesAfterBackupRestoration (0ms)
Platform modules already initialized, skipping
Registering precompiled user dll's ...
Registered in 0.004165 seconds.
Begin MonoManager ReloadAssembly
Native extension for WindowsStandalone target not found
Native extension for OSXStandalone target not found
Native extension for WebGL target not found
Refreshing native plugins compatible for Editor in 71.55 ms, found 6 plugins.
Preloading 1 native plugins for Editor in 0.10 ms.
[XR] OculusXRPlugin: registering subsystems
[XR] Unable to register display lifecyle provider: [1]
[XR] Oculus Input lifecycle provider registered.
[XR] Unable to register input lifecyle provider: [1]
[XR] OVRP version 1.64.0
Mono: successfully reloaded assembly
- Completed reload, in  1.056 seconds
Domain Reload Profiling:
	ReloadAssembly (1057ms)
		BeginReloadAssembly (99ms)
			ExecutionOrderSort (0ms)
			DisableScriptedObjects (4ms)
			BackupInstance (0ms)
			ReleaseScriptingObjects (0ms)
			CreateAndSetChildDomain (16ms)
		EndReloadAssembly (914ms)
			LoadAssemblies (66ms)
			RebuildTransferFunctionScriptingTraits (0ms)
			SetupTypeCache (210ms)
			ReleaseScriptCaches (1ms)
			RebuildScriptCaches (43ms)
			SetupLoadedEditorAssemblies (509ms)
				LogAssemblyErrors (0ms)
				InitializePlatformSupportModulesInManaged (4ms)
				SetLoadedEditorAssemblies (0ms)
				RefreshPlugins (198ms)
				BeforeProcessingInitializeOnLoad (65ms)
				ProcessInitializeOnLoadAttributes (227ms)
				ProcessInitializeOnLoadMethodAttributes (9ms)
				AfterProcessingInitializeOnLoad (5ms)
				EditorAssembliesLoaded (0ms)
			ExecutionOrderSort2 (0ms)
			AwakeInstancesAfterBackupRestoration (5ms)
Platform modules already initialized, skipping
========================================================================
Worker process is ready to serve import requests
Shader 'Oculus/OVRMRCameraFrameLit': fallback shader 'Alpha-Diffuse' not found
Launched and connected shader compiler UnityShaderCompiler.exe after 0.04 seconds
Refreshing native plugins compatible for Editor in 2.48 ms, found 6 plugins.
Preloading 1 native plugins for Editor in 0.08 ms.
Unloading 3049 Unused Serialized files (Serialized files now loaded: 0)
System memory in use before: 244.0 MB.
System memory in use after: 243.9 MB.

Unloading 47 unused Assets to reduce memory usage. Loaded Objects now: 3510.
Total: 3.843300 ms (FindLiveObjects: 0.333200 ms CreateObjectMapping: 0.141200 ms MarkObjects: 3.014200 ms  DeleteObjects: 0.353600 ms)

AssetImportParameters requested are different than current active one (requested -> active):
  custom:framework-win-MediaFoundation: 216162199b28c13a410421893ffa2e32 -> 
  custom:video-decoder-ogg-theora: a1e56fd34408186e4bbccfd4996cb3dc -> 
  custom:container-muxer-webm: aa71ff27fc2769a1b78a27578f13a17b -> 
  custom:container-demuxer-webm: 4f35f7cbe854078d1ac9338744f61a02 -> 
  custom:container-demuxer-ogg: 62fdf1f143b41e24485cea50d1cbac27 -> 
  custom:video-encoder-webm-vp8: eb34c28f22e8b96e1ab97ce403110664 -> 
  custom:video-decoder-webm-vp8: 9c59270c3fd7afecdb556c50c9e8de78 -> 
  custom:audio-decoder-ogg-vorbis: bf7c407c2cedff20999df2af8eb42d56 -> 
  custom:audio-encoder-webm-vorbis: bf7c407c2cedff20999df2af8eb42d56 -> 
========================================================================
Received Import Request.
  path: Assets/OurAssets/Materials/Textures/Seung-ee 1.png
  artifactKey: Guid(1eb2a07362356c94fac76cde38401aaa) Importer(815301076,1909f56bfc062723c751e8b465ee728b)
Start importing Assets/OurAssets/Materials/Textures/Seung-ee 1.png using Guid(1eb2a07362356c94fac76cde38401aaa) Importer(815301076,1909f56bfc062723c751e8b465ee728b)  -> (artifact id: 'c74ee21b036fc6851003eb2230da94d1') in 0.063210 seconds 
  Import took 0.068022 seconds .

========================================================================
Received Import Request.
  Time since last request: 0.000170 seconds.
  path: Assets/OurAssets/Materials/Textures/Kkaebi 1.png
  artifactKey: Guid(654e74d1007177c44b8917e8d3648df8) Importer(815301076,1909f56bfc062723c751e8b465ee728b)
Start importing Assets/OurAssets/Materials/Textures/Kkaebi 1.png using Guid(654e74d1007177c44b8917e8d3648df8) Importer(815301076,1909f56bfc062723c751e8b465ee728b)  -> (artifact id: 'e287beb77112f7f7117d0ef226f2593e') in 0.045514 seconds 
  Import took 0.049971 seconds .

========================================================================
Received Import Request.
  Time since last request: 13.915513 seconds.
  path: Assets/OurAssets/Materials/Textures/Lose.png
  artifactKey: Guid(0720e1cdfb5a1714892976d033d6ba5c) Importer(815301076,1909f56bfc062723c751e8b465ee728b)
Start importing Assets/OurAssets/Materials/Textures/Lose.png using Guid(0720e1cdfb5a1714892976d033d6ba5c) Importer(815301076,1909f56bfc062723c751e8b465ee728b)  -> (artifact id: '772883b5971d4f576b860c16eda2a019') in 0.022194 seconds 
  Import took 0.027384 seconds .

========================================================================
Received Import Request.
  Time since last request: 0.000158 seconds.
  path: Assets/OurAssets/Materials/Textures/Win.png
  artifactKey: Guid(8edea5fc019e35d4b9b2d8cf4891ef2e) Importer(815301076,1909f56bfc062723c751e8b465ee728b)
Start importing Assets/OurAssets/Materials/Textures/Win.png using Guid(8edea5fc019e35d4b9b2d8cf4891ef2e) Importer(815301076,1909f56bfc062723c751e8b465ee728b)  -> (artifact id: 'e483ab992b4823dcd4b9e590e9c1c7c9') in 0.014826 seconds 
  Import took 0.018980 seconds .

========================================================================
Received Import Request.
  Time since last request: 116.322839 seconds.
  path: Assets/LiquidVolume/Resources/Textures/Noise2D.png
  artifactKey: Guid(2e25f51e1f31e4da8bdac5d08b0f578f) Importer(815301076,1909f56bfc062723c751e8b465ee728b)
Start importing Assets/LiquidVolume/Resources/Textures/Noise2D.png using Guid(2e25f51e1f31e4da8bdac5d08b0f578f) Importer(815301076,1909f56bfc062723c751e8b465ee728b)  -> (artifact id: '400a0811f2167ac2d041e1f2d933141a') in 0.028652 seconds 
  Import took 0.034077 seconds .

========================================================================
Received Import Request.
  Time since last request: 174.084964 seconds.
  path: Assets/OurAssets/Materials/Textures/Lose.png
  artifactKey: Guid(0720e1cdfb5a1714892976d033d6ba5c) Importer(815301076,1909f56bfc062723c751e8b465ee728b)
Start importing Assets/OurAssets/Materials/Textures/Lose.png using Guid(0720e1cdfb5a1714892976d033d6ba5c) Importer(815301076,1909f56bfc062723c751e8b465ee728b)  -> (artifact id: '8a774ac77b2838ae896a5b10ec6ceaea') in 0.014133 seconds 
  Import took 0.018824 seconds .

========================================================================
Received Import Request.
  Time since last request: 0.001704 seconds.
  path: Assets/OurAssets/Materials/Textures/Win.png
  artifactKey: Guid(8edea5fc019e35d4b9b2d8cf4891ef2e) Importer(815301076,1909f56bfc062723c751e8b465ee728b)
Start importing Assets/OurAssets/Materials/Textures/Win.png using Guid(8edea5fc019e35d4b9b2d8cf4891ef2e) Importer(815301076,1909f56bfc062723c751e8b465ee728b)  -> (artifact id: '718e6bfabd657d08782061319f8e565c') in 0.014132 seconds 
  Import took 0.018768 seconds .

========================================================================
Received Import Request.
  Time since last request: 10.528248 seconds.
  path: Assets/UIKits/Content/Textures/ArrowLeft.png
  artifactKey: Guid(c85a84dc8f85b7d4c82dd818429d3786) Importer(815301076,1909f56bfc062723c751e8b465ee728b)
Start importing Assets/UIKits/Content/Textures/ArrowLeft.png using Guid(c85a84dc8f85b7d4c82dd818429d3786) Importer(815301076,1909f56bfc062723c751e8b465ee728b)  -> (artifact id: 'deb7444c8cb94889f1963dbba4c2a6ed') in 0.016305 seconds 
  Import took 0.021261 seconds .

========================================================================
Received Import Request.
  Time since last request: 0.000191 seconds.
  path: Assets/Oculus/SampleFramework/Core/DebugUI/Textures/panel_background.PNG
  artifactKey: Guid(d929e2a65a1cbc54dacdbdcdb33165e2) Importer(815301076,1909f56bfc062723c751e8b465ee728b)
Start importing Assets/Oculus/SampleFramework/Core/DebugUI/Textures/panel_background.PNG using Guid(d929e2a65a1cbc54dacdbdcdb33165e2) Importer(815301076,1909f56bfc062723c751e8b465ee728b)  -> (artifact id: '159f7909d2b7d84f5a27b5f1eae1dc51') in 0.032268 seconds 
  Import took 0.036704 seconds .

========================================================================
Received Import Request.
  Time since last request: 0.000196 seconds.
  path: Assets/UIKits/Content/Textures/Line.png
  artifactKey: Guid(a1a762766af5d3942876d2c057968281) Importer(815301076,1909f56bfc062723c751e8b465ee728b)
Start importing Assets/UIKits/Content/Textures/Line.png using Guid(a1a762766af5d3942876d2c057968281) Importer(815301076,1909f56bfc062723c751e8b465ee728b)  -> (artifact id: '8f33303c92dacca78d5e6732b4c43af8') in 0.027964 seconds 
  Import took 0.032632 seconds .

========================================================================
Received Import Request.
  Time since last request: 0.000192 seconds.
  path: Assets/UIKits/Content/Textures/ArrowRight.png
  artifactKey: Guid(7bf7f2d0ecbeed64d8b37768b01c0ab1) Importer(815301076,1909f56bfc062723c751e8b465ee728b)
Start importing Assets/UIKits/Content/Textures/ArrowRight.png using Guid(7bf7f2d0ecbeed64d8b37768b01c0ab1) Importer(815301076,1909f56bfc062723c751e8b465ee728b)  -> (artifact id: '68238c33835abd630e1faa76d627db89') in 0.015823 seconds 
  Import took 0.020378 seconds .

========================================================================
Received Import Request.
  Time since last request: 0.000182 seconds.
  path: Assets/UIKits/Content/Textures/Border.png
  artifactKey: Guid(a3a17c9afdab87940a6df5419bb5e004) Importer(815301076,1909f56bfc062723c751e8b465ee728b)
Start importing Assets/UIKits/Content/Textures/Border.png using Guid(a3a17c9afdab87940a6df5419bb5e004) Importer(815301076,1909f56bfc062723c751e8b465ee728b)  -> (artifact id: 'a4c023cfea112c9c7594e57433297209') in 0.014322 seconds 
  Import took 0.019046 seconds .

========================================================================
Received Import Request.
  Time since last request: 0.000153 seconds.
  path: Assets/OurAssets/Materials/Textures/ui/fire_health.png
  artifactKey: Guid(be75ffd791a5de448a3327a96312bc6f) Importer(815301076,1909f56bfc062723c751e8b465ee728b)
Start importing Assets/OurAssets/Materials/Textures/ui/fire_health.png using Guid(be75ffd791a5de448a3327a96312bc6f) Importer(815301076,1909f56bfc062723c751e8b465ee728b)  -> (artifact id: '7d19ed867c53fefaf415d68b70f111b4') in 0.018537 seconds 
  Import took 0.022421 seconds .

========================================================================
Received Import Request.
  Time since last request: 0.000144 seconds.
  path: Assets/Oculus/SampleFramework/Core/DebugUI/Textures/header.png
  artifactKey: Guid(eee045d55647138479b30e687b81c7e3) Importer(815301076,1909f56bfc062723c751e8b465ee728b)
Start importing Assets/Oculus/SampleFramework/Core/DebugUI/Textures/header.png using Guid(eee045d55647138479b30e687b81c7e3) Importer(815301076,1909f56bfc062723c751e8b465ee728b)  -> (artifact id: '6f82e737d1dfc2099f41b6a9b3dd63e4') in 0.015695 seconds 
  Import took 0.019731 seconds .

========================================================================
Received Import Request.
  Time since last request: 0.000173 seconds.
  path: Assets/Oculus/SampleFramework/Core/DebugUI/Textures/button9slice.png
  artifactKey: Guid(eec623c29607b1447ac4dc6de3cdda6a) Importer(815301076,1909f56bfc062723c751e8b465ee728b)
Start importing Assets/Oculus/SampleFramework/Core/DebugUI/Textures/button9slice.png using Guid(eec623c29607b1447ac4dc6de3cdda6a) Importer(815301076,1909f56bfc062723c751e8b465ee728b)  -> (artifact id: 'd547e662d1423b59b00b9b3c038166b7') in 0.015551 seconds 
  Import took 0.020229 seconds .

========================================================================
Received Import Request.
  Time since last request: 0.000120 seconds.
  path: Assets/Oculus/SampleFramework/Core/DebugUI/Textures/radio_disabled.png
  artifactKey: Guid(bdbd8a3ecf4a241499b36f4c13ded10b) Importer(815301076,1909f56bfc062723c751e8b465ee728b)
Start importing Assets/Oculus/SampleFramework/Core/DebugUI/Textures/radio_disabled.png using Guid(bdbd8a3ecf4a241499b36f4c13ded10b) Importer(815301076,1909f56bfc062723c751e8b465ee728b)  -> (artifact id: '9f6fd5cbe7961acd747eaa42e10f5e64') in 0.014019 seconds 
  Import took 0.018240 seconds .

========================================================================
Received Import Request.
  Time since last request: 0.000228 seconds.
  path: Assets/OurAssets/Materials/Textures/ui/fire_mana.png
  artifactKey: Guid(baf85bea17155a245be8752fc11a7548) Importer(815301076,1909f56bfc062723c751e8b465ee728b)
Start importing Assets/OurAssets/Materials/Textures/ui/fire_mana.png using Guid(baf85bea17155a245be8752fc11a7548) Importer(815301076,1909f56bfc062723c751e8b465ee728b)  -> (artifact id: 'eb0dc9607957364085264f0cc8f47f80') in 0.017109 seconds 
  Import took 0.021799 seconds .

========================================================================
Received Import Request.
  Time since last request: 0.000145 seconds.
  path: Assets/UIKits/Content/Textures/PlaceholderRect.png
  artifactKey: Guid(7238849908ac12440ab31ba1453f784a) Importer(815301076,1909f56bfc062723c751e8b465ee728b)
Start importing Assets/UIKits/Content/Textures/PlaceholderRect.png using Guid(7238849908ac12440ab31ba1453f784a) Importer(815301076,1909f56bfc062723c751e8b465ee728b)  -> (artifact id: '528ee4a9b31d80dac6bfe5917c2286cf') in 0.019531 seconds 
  Import took 0.023547 seconds .

========================================================================
Received Import Request.
  Time since last request: 0.000150 seconds.
  path: Assets/Oculus/SampleFramework/Usage/Passthrough/Materials/ColorWheel.png
  artifactKey: Guid(5515134bbb0515545a347aafbba91666) Importer(815301076,1909f56bfc062723c751e8b465ee728b)
Start importing Assets/Oculus/SampleFramework/Usage/Passthrough/Materials/ColorWheel.png using Guid(5515134bbb0515545a347aafbba91666) Importer(815301076,1909f56bfc062723c751e8b465ee728b)  -> (artifact id: '0a0ca4128c78434a37a6e4799773e583') in 0.020162 seconds 
  Import took 0.025097 seconds .

========================================================================
Received Import Request.
  Time since last request: 0.000142 seconds.
  path: Assets/UIKits/Demo/Textures/location-pointer.png
  artifactKey: Guid(73e53b65e6945b4469a31a176dd780b4) Importer(815301076,1909f56bfc062723c751e8b465ee728b)
Start importing Assets/UIKits/Demo/Textures/location-pointer.png using Guid(73e53b65e6945b4469a31a176dd780b4) Importer(815301076,1909f56bfc062723c751e8b465ee728b)  -> (artifact id: 'ff8a17c62684f203028b0195382d913b') in 0.016131 seconds 
  Import took 0.020349 seconds .

========================================================================
Received Import Request.
  Time since last request: 0.000156 seconds.
  path: Assets/UIKits/Demo/Textures/gear.png
  artifactKey: Guid(bb92554177fb3a8428221ffe928cd320) Importer(815301076,1909f56bfc062723c751e8b465ee728b)
Start importing Assets/UIKits/Demo/Textures/gear.png using Guid(bb92554177fb3a8428221ffe928cd320) Importer(815301076,1909f56bfc062723c751e8b465ee728b)  -> (artifact id: 'b761cce805b36c1ae6d126d4d5da9415') in 0.016373 seconds 
  Import took 0.020637 seconds .

========================================================================
Received Import Request.
  Time since last request: 0.000140 seconds.
  path: Assets/UIKits/Content/Textures/PlaceholderSquare.png
  artifactKey: Guid(8fe46654f0c38644788be1524c0dd551) Importer(815301076,1909f56bfc062723c751e8b465ee728b)
Start importing Assets/UIKits/Content/Textures/PlaceholderSquare.png using Guid(8fe46654f0c38644788be1524c0dd551) Importer(815301076,1909f56bfc062723c751e8b465ee728b)  -> (artifact id: '4c4a38ff488f83eccb0ebaa91326c5b4') in 0.017667 seconds 
  Import took 0.022080 seconds .

========================================================================
Received Import Request.
  Time since last request: 0.000179 seconds.
  path: Assets/Simple UI/Samples/Background.png
  artifactKey: Guid(744b884f5ab1b4aefb7838eeec4d046a) Importer(815301076,1909f56bfc062723c751e8b465ee728b)
Start importing Assets/Simple UI/Samples/Background.png using Guid(744b884f5ab1b4aefb7838eeec4d046a) Importer(815301076,1909f56bfc062723c751e8b465ee728b)  -> (artifact id: '8cd656e8490a6554b0cf654ab7b0b9d2') in 0.032056 seconds 
  Import took 0.037752 seconds .

========================================================================
Received Import Request.
  Time since last request: 0.000146 seconds.
  path: Assets/UIKits/Content/Textures/Circle.png
  artifactKey: Guid(6bd8dcfa51002364bb9e8ee98a3c6ef5) Importer(815301076,1909f56bfc062723c751e8b465ee728b)
Start importing Assets/UIKits/Content/Textures/Circle.png using Guid(6bd8dcfa51002364bb9e8ee98a3c6ef5) Importer(815301076,1909f56bfc062723c751e8b465ee728b)  -> (artifact id: '8aaa5638901d935839f82024abd46903') in 0.020143 seconds 
  Import took 0.024341 seconds .

========================================================================
Received Import Request.
  Time since last request: 0.000152 seconds.
  path: Assets/UIKits/Content/Textures/Capslock.png
  artifactKey: Guid(cd7ff7a8b7a6c5e45b67c75f900d4840) Importer(815301076,1909f56bfc062723c751e8b465ee728b)
Start importing Assets/UIKits/Content/Textures/Capslock.png using Guid(cd7ff7a8b7a6c5e45b67c75f900d4840) Importer(815301076,1909f56bfc062723c751e8b465ee728b)  -> (artifact id: '9f3d9e39dbb82e79071bfe0d76a31d33') in 0.015635 seconds 
  Import took 0.020584 seconds .

========================================================================
Received Import Request.
  Time since last request: 0.000171 seconds.
  path: Assets/OurAssets/Materials/Textures/ui/dust.png
  artifactKey: Guid(749707b18c69aaa4d91e31706a9cd128) Importer(815301076,1909f56bfc062723c751e8b465ee728b)
Start importing Assets/OurAssets/Materials/Textures/ui/dust.png using Guid(749707b18c69aaa4d91e31706a9cd128) Importer(815301076,1909f56bfc062723c751e8b465ee728b)  -> (artifact id: '2d5c76a7cc04cf73999cd53f5172697e') in 0.016758 seconds 
  Import took 0.021130 seconds .

========================================================================
Received Import Request.
  Time since last request: 0.000159 seconds.
  path: Assets/UIKits/Content/Textures/CircleThick.png
  artifactKey: Guid(04cf187dcc3f5ba45a7d0556e5c84bc0) Importer(815301076,1909f56bfc062723c751e8b465ee728b)
Start importing Assets/UIKits/Content/Textures/CircleThick.png using Guid(04cf187dcc3f5ba45a7d0556e5c84bc0) Importer(815301076,1909f56bfc062723c751e8b465ee728b)  -> (artifact id: '9a0224d4b67e52e3dd7bd016a3d1118f') in 0.018168 seconds 
  Import took 0.023487 seconds .

========================================================================
Received Import Request.
  Time since last request: 0.000197 seconds.
  path: Assets/UIKits/Content/Textures/Backspace.png
  artifactKey: Guid(6e616fe4dc8cfb84081afc02380f21e3) Importer(815301076,1909f56bfc062723c751e8b465ee728b)
Start importing Assets/UIKits/Content/Textures/Backspace.png using Guid(6e616fe4dc8cfb84081afc02380f21e3) Importer(815301076,1909f56bfc062723c751e8b465ee728b)  -> (artifact id: '3d13cbac987e3cd32f0f0c95a09d3688') in 0.015833 seconds 
  Import took 0.021905 seconds .

========================================================================
Received Import Request.
  Time since last request: 0.000273 seconds.
  path: Assets/UIKits/Demo/Textures/on-off-button.png
  artifactKey: Guid(f975b1e702034454482b49ef3c9be6e2) Importer(815301076,1909f56bfc062723c751e8b465ee728b)
Start importing Assets/UIKits/Demo/Textures/on-off-button.png using Guid(f975b1e702034454482b49ef3c9be6e2) Importer(815301076,1909f56bfc062723c751e8b465ee728b)  -> (artifact id: '8ef81e34a180fb73bcb2c4a2bf5ad066') in 0.016380 seconds 
  Import took 0.021576 seconds .

========================================================================
Received Import Request.
  Time since last request: 0.000141 seconds.
  path: Assets/OurAssets/Materials/Textures/ui/move_bg.png
  artifactKey: Guid(8dc7ab68cfc8029488ed21368ecdb3c0) Importer(815301076,1909f56bfc062723c751e8b465ee728b)
Start importing Assets/OurAssets/Materials/Textures/ui/move_bg.png using Guid(8dc7ab68cfc8029488ed21368ecdb3c0) Importer(815301076,1909f56bfc062723c751e8b465ee728b)  -> (artifact id: 'b2ff6cbb4df992b26652d649c48a3fc0') in 0.020001 seconds 
  Import took 0.025325 seconds .

========================================================================
Received Import Request.
  Time since last request: 0.000183 seconds.
  path: Assets/UIKits/Content/Textures/CircleEmpty.png
  artifactKey: Guid(8839c9c6e921841418d7b093b24d537c) Importer(815301076,1909f56bfc062723c751e8b465ee728b)
Start importing Assets/UIKits/Content/Textures/CircleEmpty.png using Guid(8839c9c6e921841418d7b093b24d537c) Importer(815301076,1909f56bfc062723c751e8b465ee728b)  -> (artifact id: 'ea225d66e4a3b3af956e43ad375a8d08') in 0.016910 seconds 
  Import took 0.022441 seconds .

========================================================================
Received Import Request.
  Time since last request: 0.000132 seconds.
  path: Assets/OurAssets/Materials/Textures/ui/disguise.png
  artifactKey: Guid(bf7115b1851c8a04baf1d6ae78ee2d0c) Importer(815301076,1909f56bfc062723c751e8b465ee728b)
Start importing Assets/OurAssets/Materials/Textures/ui/disguise.png using Guid(bf7115b1851c8a04baf1d6ae78ee2d0c) Importer(815301076,1909f56bfc062723c751e8b465ee728b)  -> (artifact id: '2bf66db033fc04094b4819ba17bc3993') in 0.016658 seconds 
  Import took 0.021504 seconds .

========================================================================
Received Import Request.
  Time since last request: 0.000153 seconds.
  path: Assets/OurAssets/Materials/Textures/ui/move.png
  artifactKey: Guid(fd18476fbd7c31143aeb0067ff1b8640) Importer(815301076,1909f56bfc062723c751e8b465ee728b)
Start importing Assets/OurAssets/Materials/Textures/ui/move.png using Guid(fd18476fbd7c31143aeb0067ff1b8640) Importer(815301076,1909f56bfc062723c751e8b465ee728b)  -> (artifact id: '6130caf26e68587f828f00cdd60a53b9') in 0.016543 seconds 
  Import took 0.021238 seconds .

========================================================================
Received Import Request.
  Time since last request: 0.000174 seconds.
  path: Assets/Oculus/SampleFramework/Core/DebugUI/Textures/radio_on_off.png
  artifactKey: Guid(f6e6acbe07068e448ada3d7aaeb72562) Importer(815301076,1909f56bfc062723c751e8b465ee728b)
Start importing Assets/Oculus/SampleFramework/Core/DebugUI/Textures/radio_on_off.png using Guid(f6e6acbe07068e448ada3d7aaeb72562) Importer(815301076,1909f56bfc062723c751e8b465ee728b)  -> (artifact id: '3bca0f07c61e0860a3a98002c1f29715') in 0.017547 seconds 
  Import took 0.021898 seconds .

========================================================================
Received Import Request.
  Time since last request: 0.000153 seconds.
  path: Assets/Oculus/SampleFramework/Core/DebugUI/Textures/button.png
  artifactKey: Guid(749615b78f067c442b8275980b7ed7c8) Importer(815301076,1909f56bfc062723c751e8b465ee728b)
Start importing Assets/Oculus/SampleFramework/Core/DebugUI/Textures/button.png using Guid(749615b78f067c442b8275980b7ed7c8) Importer(815301076,1909f56bfc062723c751e8b465ee728b)  -> (artifact id: '1b0f1c8a53feeabaec87f79b00dbf480') in 0.014749 seconds 
  Import took 0.019256 seconds .

========================================================================
Received Import Request.
  Time since last request: 0.000181 seconds.
  path: Assets/OurAssets/Materials/Textures/ui/attack.png
  artifactKey: Guid(eaec3c5e277e5f84189552420e8f3ee2) Importer(815301076,1909f56bfc062723c751e8b465ee728b)
Start importing Assets/OurAssets/Materials/Textures/ui/attack.png using Guid(eaec3c5e277e5f84189552420e8f3ee2) Importer(815301076,1909f56bfc062723c751e8b465ee728b)  -> (artifact id: 'f05673b02078b92fdd6a47f51b45e08a') in 0.015637 seconds 
  Import took 0.020579 seconds .

========================================================================
Received Import Request.
  Time since last request: 0.000168 seconds.
  path: Assets/UIKits/Demo/Textures/cancel-button.png
  artifactKey: Guid(f2afbac113a9b45459a36910e7f85031) Importer(815301076,1909f56bfc062723c751e8b465ee728b)
Start importing Assets/UIKits/Demo/Textures/cancel-button.png using Guid(f2afbac113a9b45459a36910e7f85031) Importer(815301076,1909f56bfc062723c751e8b465ee728b)  -> (artifact id: '376da0304ff664c1b038c842f12e72a4') in 0.016344 seconds 
  Import took 0.022291 seconds .

========================================================================
Received Import Request.
  Time since last request: 0.000158 seconds.
  path: Assets/Oculus/SampleFramework/Core/DebugUI/Textures/dialog.png
  artifactKey: Guid(fd7cf88ee9b05f94f84bd7686a9669a6) Importer(815301076,1909f56bfc062723c751e8b465ee728b)
Start importing Assets/Oculus/SampleFramework/Core/DebugUI/Textures/dialog.png using Guid(fd7cf88ee9b05f94f84bd7686a9669a6) Importer(815301076,1909f56bfc062723c751e8b465ee728b)  -> (artifact id: '096c73de42355bd9c76a87a5399999d2') in 0.014826 seconds 
  Import took 0.019079 seconds .

========================================================================
Received Import Request.
  Time since last request: 0.000170 seconds.
  path: Assets/Oculus/VR/Textures/handle.png
  artifactKey: Guid(ce8f78b2b9292484e97f36ad9568fc4f) Importer(815301076,1909f56bfc062723c751e8b465ee728b)
Start importing Assets/Oculus/VR/Textures/handle.png using Guid(ce8f78b2b9292484e97f36ad9568fc4f) Importer(815301076,1909f56bfc062723c751e8b465ee728b)  -> (artifact id: '575368bbdb5a0700b233bf0df3f3d705') in 0.015679 seconds 
  Import took 0.020168 seconds .

========================================================================
Received Import Request.
  Time since last request: 0.287376 seconds.
  path: Assets/Oculus/SampleFramework/Core/DebugUI/Textures/radio_off.png
  artifactKey: Guid(9a7a1aee5662d8e439db9465d2c3e3fe) Importer(815301076,1909f56bfc062723c751e8b465ee728b)
Start importing Assets/Oculus/SampleFramework/Core/DebugUI/Textures/radio_off.png using Guid(9a7a1aee5662d8e439db9465d2c3e3fe) Importer(815301076,1909f56bfc062723c751e8b465ee728b)  -> (artifact id: '1dc8f3f82b071d4a804da2d7d229dafc') in 0.015076 seconds 
  Import took 0.019569 seconds .

========================================================================
Received Import Request.
  Time since last request: 0.000172 seconds.
  path: Assets/OurAssets/Materials/Textures/ui/sight_bg.png
  artifactKey: Guid(bdc35701accd86f4488c823554d1dc63) Importer(815301076,1909f56bfc062723c751e8b465ee728b)
Start importing Assets/OurAssets/Materials/Textures/ui/sight_bg.png using Guid(bdc35701accd86f4488c823554d1dc63) Importer(815301076,1909f56bfc062723c751e8b465ee728b)  -> (artifact id: '45516dd91c4cebfda7d2034cb89d8828') in 0.017512 seconds 
  Import took 0.022296 seconds .

========================================================================
Received Import Request.
  Time since last request: 0.000170 seconds.
  path: Assets/Oculus/SampleFramework/Core/DebugUI/Textures/radio_over.png
  artifactKey: Guid(d573cef9968bac840a82613c16823a0e) Importer(815301076,1909f56bfc062723c751e8b465ee728b)
Start importing Assets/Oculus/SampleFramework/Core/DebugUI/Textures/radio_over.png using Guid(d573cef9968bac840a82613c16823a0e) Importer(815301076,1909f56bfc062723c751e8b465ee728b)  -> (artifact id: 'cbec2de95d16183a01d78efaeb79131b') in 0.016104 seconds 
  Import took 0.020472 seconds .

========================================================================
Received Import Request.
  Time since last request: 0.000162 seconds.
  path: Assets/Oculus/SampleFramework/Core/DebugUI/Textures/separator.png
  artifactKey: Guid(99e2846e72f06dc4fb23e772dca82743) Importer(815301076,1909f56bfc062723c751e8b465ee728b)
Start importing Assets/Oculus/SampleFramework/Core/DebugUI/Textures/separator.png using Guid(99e2846e72f06dc4fb23e772dca82743) Importer(815301076,1909f56bfc062723c751e8b465ee728b)  -> (artifact id: 'c7c7482c3e711b50b2c93bc2d52d4ed4') in 0.014999 seconds 
  Import took 0.019738 seconds .

========================================================================
Received Import Request.
  Time since last request: 0.000173 seconds.
  path: Assets/OurAssets/Materials/Textures/ui/sight.png
  artifactKey: Guid(646aa962e15e5994db7ac0197b3b54ea) Importer(815301076,1909f56bfc062723c751e8b465ee728b)
Start importing Assets/OurAssets/Materials/Textures/ui/sight.png using Guid(646aa962e15e5994db7ac0197b3b54ea) Importer(815301076,1909f56bfc062723c751e8b465ee728b)  -> (artifact id: 'a6e34bbb126a8050488fc56c9599d88f') in 0.017374 seconds 
  Import took 0.022435 seconds .

========================================================================
Received Import Request.
  Time since last request: 0.000149 seconds.
  path: Assets/Oculus/SampleFramework/Core/DebugUI/Textures/radio_on.png
  artifactKey: Guid(5aeca7df47eecc94bb7fbb5d79cf2036) Importer(815301076,1909f56bfc062723c751e8b465ee728b)
Start importing Assets/Oculus/SampleFramework/Core/DebugUI/Textures/radio_on.png using Guid(5aeca7df47eecc94bb7fbb5d79cf2036) Importer(815301076,1909f56bfc062723c751e8b465ee728b)  -> (artifact id: 'f918b66efcb0e692751c5b10f0864336') in 0.014212 seconds 
  Import took 0.019292 seconds .

========================================================================
Received Import Request.
  Time since last request: 0.000175 seconds.
  path: Assets/Oculus/SampleFramework/Core/DebugUI/Textures/slider_slider.png
  artifactKey: Guid(871600bbe5c92eb45a948fe73ff8b1a3) Importer(815301076,1909f56bfc062723c751e8b465ee728b)
Start importing Assets/Oculus/SampleFramework/Core/DebugUI/Textures/slider_slider.png using Guid(871600bbe5c92eb45a948fe73ff8b1a3) Importer(815301076,1909f56bfc062723c751e8b465ee728b)  -> (artifact id: '3a691dc82ef3304dd2c36981c1222a6a') in 0.015086 seconds 
  Import took 0.019755 seconds .

========================================================================
Received Import Request.
  Time since last request: 0.000157 seconds.
  path: Assets/Oculus/SampleFramework/Core/DebugUI/Textures/slider_bar.png
  artifactKey: Guid(71df6d228f4ab4245b9791d80663baa4) Importer(815301076,1909f56bfc062723c751e8b465ee728b)
Start importing Assets/Oculus/SampleFramework/Core/DebugUI/Textures/slider_bar.png using Guid(71df6d228f4ab4245b9791d80663baa4) Importer(815301076,1909f56bfc062723c751e8b465ee728b)  -> (artifact id: 'f6019f56d6daf3c71357cc4922daa67e') in 0.015030 seconds 
  Import took 0.020065 seconds .

========================================================================
Received Import Request.
  Time since last request: 0.859746 seconds.
  path: Assets/Simple UI/Resource Vector Graphics/UI_Graphic_Resource_Wood.png
  artifactKey: Guid(e0eac6b76fdd842e88a7f8c75ecffaf4) Importer(815301076,1909f56bfc062723c751e8b465ee728b)
Start importing Assets/Simple UI/Resource Vector Graphics/UI_Graphic_Resource_Wood.png using Guid(e0eac6b76fdd842e88a7f8c75ecffaf4) Importer(815301076,1909f56bfc062723c751e8b465ee728b)  -> (artifact id: '1544db52cc445fa354a0449c6ace4a00') in 0.016555 seconds 
  Import took 0.021419 seconds .

========================================================================
Received Import Request.
  Time since last request: 0.000140 seconds.
  path: Assets/Simple UI/Simple Vector Icons/128px/UI_Icon_ArrowRight.png
  artifactKey: Guid(88e01b918e6f74dc29d31ccf3e10e1b2) Importer(815301076,1909f56bfc062723c751e8b465ee728b)
Start importing Assets/Simple UI/Simple Vector Icons/128px/UI_Icon_ArrowRight.png using Guid(88e01b918e6f74dc29d31ccf3e10e1b2) Importer(815301076,1909f56bfc062723c751e8b465ee728b)  -> (artifact id: '9dfcd2baf9f8214fecb1aa9a90e1536b') in 0.014696 seconds 
  Import took 0.019015 seconds .

========================================================================
Received Import Request.
  Time since last request: 0.000137 seconds.
  path: Assets/Simple UI/Simple Vector Icons/128px/UI_Icon_Wifi.png
  artifactKey: Guid(fa09787dfd0e8414bad7905577586a1d) Importer(815301076,1909f56bfc062723c751e8b465ee728b)
Start importing Assets/Simple UI/Simple Vector Icons/128px/UI_Icon_Wifi.png using Guid(fa09787dfd0e8414bad7905577586a1d) Importer(815301076,1909f56bfc062723c751e8b465ee728b)  -> (artifact id: '0c0df6ee564f3f11e5d6d3f7daf014c5') in 0.015661 seconds 
  Import took 0.020116 seconds .

========================================================================
Received Import Request.
  Time since last request: 0.000143 seconds.
  path: Assets/Simple UI/Simple Vector Icons/128px/UI_Icon_Wrench.png
  artifactKey: Guid(955c10bbf8a9346ff8a7bcd607bdf4da) Importer(815301076,1909f56bfc062723c751e8b465ee728b)
Start importing Assets/Simple UI/Simple Vector Icons/128px/UI_Icon_Wrench.png using Guid(955c10bbf8a9346ff8a7bcd607bdf4da) Importer(815301076,1909f56bfc062723c751e8b465ee728b)  -> (artifact id: '9aad8af6217a310cc63a95f32911c77f') in 0.014661 seconds 
  Import took 0.019193 seconds .

========================================================================
Received Import Request.
  Time since last request: 0.000163 seconds.
  path: Assets/Simple UI/Simple Vector Icons/128px/UI_Icon_CurrencyWon.png
  artifactKey: Guid(4148c75a1c5314c00ac800770d4dbc5c) Importer(815301076,1909f56bfc062723c751e8b465ee728b)
Start importing Assets/Simple UI/Simple Vector Icons/128px/UI_Icon_CurrencyWon.png using Guid(4148c75a1c5314c00ac800770d4dbc5c) Importer(815301076,1909f56bfc062723c751e8b465ee728b)  -> (artifact id: '658400c39ef6893dc376823a34c99260') in 0.015429 seconds 
  Import took 0.020149 seconds .

========================================================================
Received Import Request.
  Time since last request: 0.000158 seconds.
  path: Assets/Simple UI/Simple Vector Icons/128px/UI_Icon_SocialWhatsapp.png
  artifactKey: Guid(c26865c88eb044fcf9c6005e2360ab68) Importer(815301076,1909f56bfc062723c751e8b465ee728b)
Start importing Assets/Simple UI/Simple Vector Icons/128px/UI_Icon_SocialWhatsapp.png using Guid(c26865c88eb044fcf9c6005e2360ab68) Importer(815301076,1909f56bfc062723c751e8b465ee728b)  -> (artifact id: 'd870f697533c7d8fcbb991a40d1a123b') in 0.015451 seconds 
  Import took 0.020032 seconds .

========================================================================
Received Import Request.
  Time since last request: 0.000190 seconds.
  path: Assets/Simple UI/Simple Vector Icons/128px/UI_Icon_Award.png
  artifactKey: Guid(9e6f65e6cb1f743e9886d87aec9b1c9e) Importer(815301076,1909f56bfc062723c751e8b465ee728b)
Start importing Assets/Simple UI/Simple Vector Icons/128px/UI_Icon_Award.png using Guid(9e6f65e6cb1f743e9886d87aec9b1c9e) Importer(815301076,1909f56bfc062723c751e8b465ee728b)  -> (artifact id: '2456b219ba30858a212053ff95752bd9') in 0.014990 seconds 
  Import took 0.019643 seconds .

========================================================================
Received Import Request.
  Time since last request: 0.000155 seconds.
  path: Assets/Simple UI/Simple Vector Icons/128px/UI_Icon_SocialTwitch.png
  artifactKey: Guid(c9acd6034e0cf4ecbae4b59f1817fbba) Importer(815301076,1909f56bfc062723c751e8b465ee728b)
Start importing Assets/Simple UI/Simple Vector Icons/128px/UI_Icon_SocialTwitch.png using Guid(c9acd6034e0cf4ecbae4b59f1817fbba) Importer(815301076,1909f56bfc062723c751e8b465ee728b)  -> (artifact id: '5ef9ee07b04c1aa5595e76cbe1e6264e') in 0.015316 seconds 
  Import took 0.019559 seconds .

========================================================================
Received Import Request.
  Time since last request: 0.000150 seconds.
  path: Assets/Simple UI/Simple Vector Icons/128px/UI_Icon_Stopwatch.png
  artifactKey: Guid(389d48115e8874e22a0c65db5fa114d4) Importer(815301076,1909f56bfc062723c751e8b465ee728b)
Start importing Assets/Simple UI/Simple Vector Icons/128px/UI_Icon_Stopwatch.png using Guid(389d48115e8874e22a0c65db5fa114d4) Importer(815301076,1909f56bfc062723c751e8b465ee728b)  -> (artifact id: '3089ac140dde9ee2c81d1396e89f05b0') in 0.015417 seconds 
  Import took 0.019801 seconds .

========================================================================
Received Import Request.
  Time since last request: 0.000167 seconds.
  path: Assets/Simple UI/Simple Vector Icons/128px/UI_Icon_Water.png
  artifactKey: Guid(9eb27e2218bc0412dadd6402ee4b8a60) Importer(815301076,1909f56bfc062723c751e8b465ee728b)
Start importing Assets/Simple UI/Simple Vector Icons/128px/UI_Icon_Water.png using Guid(9eb27e2218bc0412dadd6402ee4b8a60) Importer(815301076,1909f56bfc062723c751e8b465ee728b)  -> (artifact id: 'b15806480b4420e17cac519e5e9868a4') in 0.015215 seconds 
  Import took 0.020021 seconds .

========================================================================
Received Import Request.
  Time since last request: 0.000173 seconds.
  path: Assets/Simple UI/Simple Vector Icons/128px/UI_Icon_NewPlayer.png
  artifactKey: Guid(80f64455e12ec4c39ac09fa21b916c87) Importer(815301076,1909f56bfc062723c751e8b465ee728b)
Start importing Assets/Simple UI/Simple Vector Icons/128px/UI_Icon_NewPlayer.png using Guid(80f64455e12ec4c39ac09fa21b916c87) Importer(815301076,1909f56bfc062723c751e8b465ee728b)  -> (artifact id: '31a50d761f0b14f2c79e0d71b8b6e765') in 0.014647 seconds 
  Import took 0.019127 seconds .

========================================================================
Received Import Request.
  Time since last request: 0.000141 seconds.
  path: Assets/Simple UI/Simple Vector Icons/128px/UI_Icon_Swap.png
  artifactKey: Guid(edbe32596265648608a45759244da43a) Importer(815301076,1909f56bfc062723c751e8b465ee728b)
Start importing Assets/Simple UI/Simple Vector Icons/128px/UI_Icon_Swap.png using Guid(edbe32596265648608a45759244da43a) Importer(815301076,1909f56bfc062723c751e8b465ee728b)  -> (artifact id: '8fbdde909bf243263b26ead9eb95535d') in 0.015052 seconds 
  Import took 0.019541 seconds .

========================================================================
Received Import Request.
  Time since last request: 0.000151 seconds.
  path: Assets/Simple UI/Simple Vector Icons/128px/UI_Icon_SocialTwitter1.png
  artifactKey: Guid(595cc30ef44ce40e0a51086d02c2660a) Importer(815301076,1909f56bfc062723c751e8b465ee728b)
Start importing Assets/Simple UI/Simple Vector Icons/128px/UI_Icon_SocialTwitter1.png using Guid(595cc30ef44ce40e0a51086d02c2660a) Importer(815301076,1909f56bfc062723c751e8b465ee728b)  -> (artifact id: 'f8f547785216eadedbcc90766b205153') in 0.014836 seconds 
  Import took 0.019429 seconds .

========================================================================
Received Import Request.
  Time since last request: 0.000168 seconds.
  path: Assets/Oculus/VR/Textures/windowgui.png
  artifactKey: Guid(a26663690a6580440963aa46e582c35b) Importer(815301076,1909f56bfc062723c751e8b465ee728b)
Start importing Assets/Oculus/VR/Textures/windowgui.png using Guid(a26663690a6580440963aa46e582c35b) Importer(815301076,1909f56bfc062723c751e8b465ee728b)  -> (artifact id: '6d6e1fa5eb68eab5a9fa2b72113899df') in 0.017649 seconds 
  Import took 0.022468 seconds .

========================================================================
Received Import Request.
  Time since last request: 0.000151 seconds.
  path: Assets/Simple UI/Simple Vector Icons/128px/UI_Icon_ArrowDown.png
  artifactKey: Guid(e86240af348b54158859ef4b22c5b092) Importer(815301076,1909f56bfc062723c751e8b465ee728b)
Start importing Assets/Simple UI/Simple Vector Icons/128px/UI_Icon_ArrowDown.png using Guid(e86240af348b54158859ef4b22c5b092) Importer(815301076,1909f56bfc062723c751e8b465ee728b)  -> (artifact id: 'a4ce33e3af99c3b804c8c12c0458dcd2') in 0.015708 seconds 
  Import took 0.019979 seconds .

========================================================================
Received Import Request.
  Time since last request: 0.000153 seconds.
  path: Assets/Simple UI/Simple Vector Icons/128px/UI_Icon_CalendarWeek.png
  artifactKey: Guid(f3da090d3f58b48419c6f6553dfbe719) Importer(815301076,1909f56bfc062723c751e8b465ee728b)
Start importing Assets/Simple UI/Simple Vector Icons/128px/UI_Icon_CalendarWeek.png using Guid(f3da090d3f58b48419c6f6553dfbe719) Importer(815301076,1909f56bfc062723c751e8b465ee728b)  -> (artifact id: '3bc80be0858be02668819bac9841a2d8') in 0.015648 seconds 
  Import took 0.019826 seconds .

========================================================================
Received Import Request.
  Time since last request: 0.000173 seconds.
  path: Assets/Simple UI/Simple Vector Icons/128px/UI_Icon_Wallet.png
  artifactKey: Guid(b7d175820d80f481b86cc9475aa1dcc6) Importer(815301076,1909f56bfc062723c751e8b465ee728b)
Start importing Assets/Simple UI/Simple Vector Icons/128px/UI_Icon_Wallet.png using Guid(b7d175820d80f481b86cc9475aa1dcc6) Importer(815301076,1909f56bfc062723c751e8b465ee728b)  -> (artifact id: 'e862ca3797c6752e5b21a26b6d8e3de9') in 0.015621 seconds 
  Import took 0.020632 seconds .

========================================================================
Received Import Request.
  Time since last request: 0.000155 seconds.
  path: Assets/Simple UI/Simple Vector Icons/128px/UI_Icon_WifiProblem.png
  artifactKey: Guid(ebcfaded3c8b74911be380a76e66812d) Importer(815301076,1909f56bfc062723c751e8b465ee728b)
Start importing Assets/Simple UI/Simple Vector Icons/128px/UI_Icon_WifiProblem.png using Guid(ebcfaded3c8b74911be380a76e66812d) Importer(815301076,1909f56bfc062723c751e8b465ee728b)  -> (artifact id: '85bf3c5e1fc915e4fdd4bbdfeebe5706') in 0.015060 seconds 
  Import took 0.019908 seconds .

========================================================================
Received Import Request.
  Time since last request: 0.000189 seconds.
  path: Assets/Simple UI/Simple Vector Icons/128px/UI_Icon_ArrowLeftRight.png
  artifactKey: Guid(dedddbc0137a047d990970dc2e8d58b9) Importer(815301076,1909f56bfc062723c751e8b465ee728b)
Start importing Assets/Simple UI/Simple Vector Icons/128px/UI_Icon_ArrowLeftRight.png using Guid(dedddbc0137a047d990970dc2e8d58b9) Importer(815301076,1909f56bfc062723c751e8b465ee728b)  -> (artifact id: 'd07f4aa763e018da0af29bee4d2df2b0') in 0.015529 seconds 
  Import took 0.020396 seconds .

========================================================================
Received Import Request.
  Time since last request: 0.000175 seconds.
  path: Assets/Simple UI/Simple Vector Icons/128px/UI_Icon_ArrowLeft.png
  artifactKey: Guid(6811affa4da564f59a4463c5af589a8f) Importer(815301076,1909f56bfc062723c751e8b465ee728b)
Start importing Assets/Simple UI/Simple Vector Icons/128px/UI_Icon_ArrowLeft.png using Guid(6811affa4da564f59a4463c5af589a8f) Importer(815301076,1909f56bfc062723c751e8b465ee728b)  -> (artifact id: '2cc2c68539b7cdc1012787d3e30a4813') in 0.014535 seconds 
  Import took 0.019551 seconds .

========================================================================
Received Import Request.
  Time since last request: 0.000209 seconds.
  path: Assets/Simple UI/Simple Vector Icons/128px/UI_Icon_ArrowUpDown.png
  artifactKey: Guid(90651b6905bfc48199501c3f6a179831) Importer(815301076,1909f56bfc062723c751e8b465ee728b)
Start importing Assets/Simple UI/Simple Vector Icons/128px/UI_Icon_ArrowUpDown.png using Guid(90651b6905bfc48199501c3f6a179831) Importer(815301076,1909f56bfc062723c751e8b465ee728b)  -> (artifact id: '255e83a525aaf7d007fbfa91c8d89ce3') in 0.014480 seconds 
  Import took 0.019395 seconds .

========================================================================
Received Import Request.
  Time since last request: 0.000169 seconds.
  path: Assets/Simple UI/Simple Vector Icons/128px/UI_Icon_BtnDpadDirDown.png
  artifactKey: Guid(0d40cb424e11c454e8f47d4b8ecf62b6) Importer(815301076,1909f56bfc062723c751e8b465ee728b)
Start importing Assets/Simple UI/Simple Vector Icons/128px/UI_Icon_BtnDpadDirDown.png using Guid(0d40cb424e11c454e8f47d4b8ecf62b6) Importer(815301076,1909f56bfc062723c751e8b465ee728b)  -> (artifact id: '16df838237006e538fc5ae21ea22e738') in 0.015029 seconds 
  Import took 0.019925 seconds .

========================================================================
Received Import Request.
  Time since last request: 0.000169 seconds.
  path: Assets/Simple UI/Simple Vector Icons/128px/UI_Icon_SocialTwitter2.png
  artifactKey: Guid(f4887d217d94347f3938a2d66b03a955) Importer(815301076,1909f56bfc062723c751e8b465ee728b)
Start importing Assets/Simple UI/Simple Vector Icons/128px/UI_Icon_SocialTwitter2.png using Guid(f4887d217d94347f3938a2d66b03a955) Importer(815301076,1909f56bfc062723c751e8b465ee728b)  -> (artifact id: '8751cc0617d9224d8b364d954f974751') in 0.015435 seconds 
  Import took 0.020302 seconds .

========================================================================
Received Import Request.
  Time since last request: 0.000176 seconds.
  path: Assets/Simple UI/Simple Vector Icons/128px/UI_Icon_FastForward.png
  artifactKey: Guid(fc9515649cb3e40f7bae63564fce1fb2) Importer(815301076,1909f56bfc062723c751e8b465ee728b)
Start importing Assets/Simple UI/Simple Vector Icons/128px/UI_Icon_FastForward.png using Guid(fc9515649cb3e40f7bae63564fce1fb2) Importer(815301076,1909f56bfc062723c751e8b465ee728b)  -> (artifact id: '1a6e78d7ebb9bd3053b4d926985695dc') in 0.016071 seconds 
  Import took 0.020823 seconds .

========================================================================
Received Import Request.
  Time since last request: 0.000176 seconds.
  path: Assets/Simple UI/Simple Vector Icons/128px/UI_Icon_PlayBackwards.png
  artifactKey: Guid(e23b73c903887449aa5be48469e1ca36) Importer(815301076,1909f56bfc062723c751e8b465ee728b)
Start importing Assets/Simple UI/Simple Vector Icons/128px/UI_Icon_PlayBackwards.png using Guid(e23b73c903887449aa5be48469e1ca36) Importer(815301076,1909f56bfc062723c751e8b465ee728b)  -> (artifact id: 'cfe674cdc8166df41054dec1dbf8b32a') in 0.015709 seconds 
  Import took 0.020493 seconds .

========================================================================
Received Import Request.
  Time since last request: 0.000166 seconds.
  path: Assets/Simple UI/Simple Vector Icons/128px/UI_Icon_ArrowUp.png
  artifactKey: Guid(6a5264a4a5cf443a4b5ab9aa20d9b01b) Importer(815301076,1909f56bfc062723c751e8b465ee728b)
Start importing Assets/Simple UI/Simple Vector Icons/128px/UI_Icon_ArrowUp.png using Guid(6a5264a4a5cf443a4b5ab9aa20d9b01b) Importer(815301076,1909f56bfc062723c751e8b465ee728b)  -> (artifact id: '5e5c6675ff0e91e3e0e7c22f82634fa3') in 0.016178 seconds 
  Import took 0.020312 seconds .

========================================================================
Received Import Request.
  Time since last request: 0.000154 seconds.
  path: Assets/Simple UI/Simple Vector Icons/128px/UI_Icon_Paw.png
  artifactKey: Guid(330a24ff77fe44ba2bc55b3f8259199a) Importer(815301076,1909f56bfc062723c751e8b465ee728b)
Start importing Assets/Simple UI/Simple Vector Icons/128px/UI_Icon_Paw.png using Guid(330a24ff77fe44ba2bc55b3f8259199a) Importer(815301076,1909f56bfc062723c751e8b465ee728b)  -> (artifact id: '9d8bc9c22d2dcd2f06536cb37ded07db') in 0.015096 seconds 
  Import took 0.019410 seconds .

========================================================================
Received Import Request.
  Time since last request: 0.000139 seconds.
  path: Assets/Simple UI/PNG/UI_Panel_Window.png
  artifactKey: Guid(8bba60bd272ff4978982a12a88f56b11) Importer(815301076,1909f56bfc062723c751e8b465ee728b)
Start importing Assets/Simple UI/PNG/UI_Panel_Window.png using Guid(8bba60bd272ff4978982a12a88f56b11) Importer(815301076,1909f56bfc062723c751e8b465ee728b)  -> (artifact id: '86c0223d531df91a76e2e9b26519a864') in 0.016250 seconds 
  Import took 0.020467 seconds .

========================================================================
Received Import Request.
  Time since last request: 0.000143 seconds.
  path: Assets/Simple UI/Simple Vector Icons/128px/UI_Icon_Rewind.png
  artifactKey: Guid(9d76c0f37c2eb4be0af6f310d6b02275) Importer(815301076,1909f56bfc062723c751e8b465ee728b)
Start importing Assets/Simple UI/Simple Vector Icons/128px/UI_Icon_Rewind.png using Guid(9d76c0f37c2eb4be0af6f310d6b02275) Importer(815301076,1909f56bfc062723c751e8b465ee728b)  -> (artifact id: 'd5f976f759ec150776545cccf8774196') in 0.015304 seconds 
  Import took 0.020088 seconds .

========================================================================
Received Import Request.
  Time since last request: 0.000143 seconds.
  path: Assets/Simple UI/Simple Vector Icons/128px/UI_Icon_Crown.png
  artifactKey: Guid(4cbf829a2ecf84019bf5045cd4ad110a) Importer(815301076,1909f56bfc062723c751e8b465ee728b)
Start importing Assets/Simple UI/Simple Vector Icons/128px/UI_Icon_Crown.png using Guid(4cbf829a2ecf84019bf5045cd4ad110a) Importer(815301076,1909f56bfc062723c751e8b465ee728b)  -> (artifact id: '38aaabef0020c543845b8e0a84321eb2') in 0.015516 seconds 
  Import took 0.019624 seconds .

========================================================================
Received Import Request.
  Time since last request: 0.000127 seconds.
  path: Assets/Simple UI/Simple Vector Icons/128px/UI_Icon_Warning.png
  artifactKey: Guid(1ee535ec2f3f04ac98d999d11743111e) Importer(815301076,1909f56bfc062723c751e8b465ee728b)
Start importing Assets/Simple UI/Simple Vector Icons/128px/UI_Icon_Warning.png using Guid(1ee535ec2f3f04ac98d999d11743111e) Importer(815301076,1909f56bfc062723c751e8b465ee728b)  -> (artifact id: '4991387478ee7de194dc9234dd2efb51') in 0.014522 seconds 
  Import took 0.019588 seconds .

========================================================================
Received Import Request.
  Time since last request: 37.883517 seconds.
  path: Assets/Simple UI/Simple Vector Icons/128px/UI_Icon_TurnLeft.png
  artifactKey: Guid(87d3641e4c559464f89de31a3d9b505f) Importer(815301076,1909f56bfc062723c751e8b465ee728b)
Start importing Assets/Simple UI/Simple Vector Icons/128px/UI_Icon_TurnLeft.png using Guid(87d3641e4c559464f89de31a3d9b505f) Importer(815301076,1909f56bfc062723c751e8b465ee728b)  -> (artifact id: 'a6f7ea92029fcfcd3833a2fd4aca637d') in 0.021104 seconds 
  Import took 0.026256 seconds .

========================================================================
Received Import Request.
  Time since last request: 0.000151 seconds.
  path: Assets/Simple UI/PNG/UI_Tab_Inactive.png
  artifactKey: Guid(4858e152cf1864da293ed77efa6f4e31) Importer(815301076,1909f56bfc062723c751e8b465ee728b)
Start importing Assets/Simple UI/PNG/UI_Tab_Inactive.png using Guid(4858e152cf1864da293ed77efa6f4e31) Importer(815301076,1909f56bfc062723c751e8b465ee728b)  -> (artifact id: '45125ff242d643c44d2248aeca573e3f') in 0.033449 seconds 
  Import took 0.037535 seconds .

========================================================================
Received Import Request.
  Time since last request: 0.000280 seconds.
  path: Assets/Simple UI/Simple Vector Icons/128px/UI_Icon_TV.png
  artifactKey: Guid(98f134781224b4029b4958950a935be7) Importer(815301076,1909f56bfc062723c751e8b465ee728b)
Start importing Assets/Simple UI/Simple Vector Icons/128px/UI_Icon_TV.png using Guid(98f134781224b4029b4958950a935be7) Importer(815301076,1909f56bfc062723c751e8b465ee728b)  -> (artifact id: '148c6f59f96c95dd3750e41ee6c7bcd9') in 0.038413 seconds 
  Import took 0.043158 seconds .

========================================================================
Received Import Request.
  Time since last request: 0.000178 seconds.
  path: Assets/Simple UI/Simple Vector Icons/128px/UI_Icon_Visible.png
  artifactKey: Guid(495e969054dde4a5d88d038d81bd4ccc) Importer(815301076,1909f56bfc062723c751e8b465ee728b)
Start importing Assets/Simple UI/Simple Vector Icons/128px/UI_Icon_Visible.png using Guid(495e969054dde4a5d88d038d81bd4ccc) Importer(815301076,1909f56bfc062723c751e8b465ee728b)  -> (artifact id: '2833890bea2bad19ea2692959bb73b11') in 0.015498 seconds 
  Import took 0.020901 seconds .

========================================================================
Received Import Request.
  Time since last request: 0.000189 seconds.
  path: Assets/Simple UI/Simple Vector Icons/128px/UI_Icon_ZoomIn.png
  artifactKey: Guid(f69c2864b04b44c6bb95a43aa2b0600f) Importer(815301076,1909f56bfc062723c751e8b465ee728b)
Start importing Assets/Simple UI/Simple Vector Icons/128px/UI_Icon_ZoomIn.png using Guid(f69c2864b04b44c6bb95a43aa2b0600f) Importer(815301076,1909f56bfc062723c751e8b465ee728b)  -> (artifact id: '168735a48f212fe31dfc5d645cfd8a79') in 0.014660 seconds 
  Import took 0.019498 seconds .

========================================================================
Received Import Request.
  Time since last request: 0.000154 seconds.
  path: Assets/Oculus/SampleFramework/Usage/Passthrough/Materials/UIelement.png
  artifactKey: Guid(1f040466d664f6d4698a177ddcf0608c) Importer(815301076,1909f56bfc062723c751e8b465ee728b)
Start importing Assets/Oculus/SampleFramework/Usage/Passthrough/Materials/UIelement.png using Guid(1f040466d664f6d4698a177ddcf0608c) Importer(815301076,1909f56bfc062723c751e8b465ee728b)  -> (artifact id: '1db63ca9bcb989c143909ebb5b0b43a3') in 0.017167 seconds 
  Import took 0.021422 seconds .

========================================================================
Received Import Request.
  Time since last request: 0.000144 seconds.
  path: Assets/Simple UI/Simple Vector Icons/128px/UI_Icon_Versus.png
  artifactKey: Guid(567d44c2f152f42e79c7acf4e5570d85) Importer(815301076,1909f56bfc062723c751e8b465ee728b)
Start importing Assets/Simple UI/Simple Vector Icons/128px/UI_Icon_Versus.png using Guid(567d44c2f152f42e79c7acf4e5570d85) Importer(815301076,1909f56bfc062723c751e8b465ee728b)  -> (artifact id: '7aa2bbab98fec326b95b84347b9fb5e7') in 0.016236 seconds 
  Import took 0.020570 seconds .

========================================================================
Received Import Request.
  Time since last request: 0.000148 seconds.
  path: Assets/Simple UI/PNG/UI_Tab_Active.png
  artifactKey: Guid(c6e1c1cabbcb24e8fa0372a11a27535e) Importer(815301076,1909f56bfc062723c751e8b465ee728b)
Start importing Assets/Simple UI/PNG/UI_Tab_Active.png using Guid(c6e1c1cabbcb24e8fa0372a11a27535e) Importer(815301076,1909f56bfc062723c751e8b465ee728b)  -> (artifact id: '0278378a6b1d951fa4881b68025d7219') in 0.015277 seconds 
  Import took 0.019809 seconds .

========================================================================
Received Import Request.
  Time since last request: 0.000153 seconds.
  path: Assets/Simple UI/Simple Vector Icons/128px/UI_Icon_USB.png
  artifactKey: Guid(f95127a41400249378ec17b1a31de6f3) Importer(815301076,1909f56bfc062723c751e8b465ee728b)
Start importing Assets/Simple UI/Simple Vector Icons/128px/UI_Icon_USB.png using Guid(f95127a41400249378ec17b1a31de6f3) Importer(815301076,1909f56bfc062723c751e8b465ee728b)  -> (artifact id: 'abbd1e1f6b036dfba3778712162c7869') in 0.017456 seconds 
  Import took 0.022009 seconds .

========================================================================
Received Import Request.
  Time since last request: 0.000138 seconds.
  path: Assets/Simple UI/Simple Vector Icons/128px/UI_Icon_Umbrella.png
  artifactKey: Guid(3531bf455b3d7416aadb190984d25a10) Importer(815301076,1909f56bfc062723c751e8b465ee728b)
Start importing Assets/Simple UI/Simple Vector Icons/128px/UI_Icon_Umbrella.png using Guid(3531bf455b3d7416aadb190984d25a10) Importer(815301076,1909f56bfc062723c751e8b465ee728b)  -> (artifact id: 'fbaa089eb813ed41f21d2ea410ac0d70') in 0.015581 seconds 
  Import took 0.019955 seconds .

========================================================================
Received Import Request.
  Time since last request: 0.000141 seconds.
  path: Assets/Simple UI/PNG/UI_Panel_Content.png
  artifactKey: Guid(a0c4441e403ea437ca79f6f9b5b15da8) Importer(815301076,1909f56bfc062723c751e8b465ee728b)
Start importing Assets/Simple UI/PNG/UI_Panel_Content.png using Guid(a0c4441e403ea437ca79f6f9b5b15da8) Importer(815301076,1909f56bfc062723c751e8b465ee728b)  -> (artifact id: 'f6121fe176d61e92d2a9060b4b632fd4') in 0.017693 seconds 
  Import took 0.021648 seconds .

========================================================================
Received Import Request.
  Time since last request: 0.000132 seconds.
  path: Assets/Simple UI/Simple Vector Icons/128px/UI_Icon_ZoomOut.png
  artifactKey: Guid(615947e3dc74541e79d8b7e3051ff9a1) Importer(815301076,1909f56bfc062723c751e8b465ee728b)
Start importing Assets/Simple UI/Simple Vector Icons/128px/UI_Icon_ZoomOut.png using Guid(615947e3dc74541e79d8b7e3051ff9a1) Importer(815301076,1909f56bfc062723c751e8b465ee728b)  -> (artifact id: 'be6c02ec321d5b11e1623855d03254f7') in 0.014148 seconds 
  Import took 0.018697 seconds .

========================================================================
Received Import Request.
  Time since last request: 0.000187 seconds.
  path: Assets/Simple UI/Simple Vector Icons/128px/UI_Icon_University.png
  artifactKey: Guid(5d040ca033e34467490c6a6c5f7893a7) Importer(815301076,1909f56bfc062723c751e8b465ee728b)
Start importing Assets/Simple UI/Simple Vector Icons/128px/UI_Icon_University.png using Guid(5d040ca033e34467490c6a6c5f7893a7) Importer(815301076,1909f56bfc062723c751e8b465ee728b)  -> (artifact id: '223240b65a5911e0e5ea2eef5dfaef28') in 0.015489 seconds 
  Import took 0.020724 seconds .

========================================================================
Received Import Request.
  Time since last request: 0.000196 seconds.
  path: Assets/Simple UI/Simple Vector Icons/128px/UI_Icon_TurnRight.png
  artifactKey: Guid(69363f1c141724482b399970b37742d8) Importer(815301076,1909f56bfc062723c751e8b465ee728b)
Start importing Assets/Simple UI/Simple Vector Icons/128px/UI_Icon_TurnRight.png using Guid(69363f1c141724482b399970b37742d8) Importer(815301076,1909f56bfc062723c751e8b465ee728b)  -> (artifact id: '81eb34ce40877c8332f1d1c439e5fe3c') in 0.014794 seconds 
  Import took 0.019591 seconds .

========================================================================
Received Import Request.
  Time since last request: 2.886799 seconds.
  path: Assets/Simple UI/Simple Vector Icons/128px/UI_Icon_Close.png
  artifactKey: Guid(bd1d3f20873964acf9209017b108e6c6) Importer(815301076,1909f56bfc062723c751e8b465ee728b)
Start importing Assets/Simple UI/Simple Vector Icons/128px/UI_Icon_Close.png using Guid(bd1d3f20873964acf9209017b108e6c6) Importer(815301076,1909f56bfc062723c751e8b465ee728b)  -> (artifact id: 'c69d09535a9ff2a3bbc0fe625f87628c') in 0.015936 seconds 
  Import took 0.020693 seconds .

========================================================================
Received Prepare
Registering precompiled user dll's ...
Registered in 0.005444 seconds.
Begin MonoManager ReloadAssembly
Native extension for WindowsStandalone target not found
Native extension for OSXStandalone target not found
Native extension for WebGL target not found
Refreshing native plugins compatible for Editor in 2.13 ms, found 6 plugins.
Preloading 1 native plugins for Editor in 0.10 ms.
Mono: successfully reloaded assembly
- Completed reload, in  0.910 seconds
Domain Reload Profiling:
	ReloadAssembly (910ms)
		BeginReloadAssembly (95ms)
			ExecutionOrderSort (0ms)
			DisableScriptedObjects (4ms)
			BackupInstance (0ms)
			ReleaseScriptingObjects (0ms)
			CreateAndSetChildDomain (32ms)
		EndReloadAssembly (760ms)
			LoadAssemblies (76ms)
			RebuildTransferFunctionScriptingTraits (0ms)
			SetupTypeCache (252ms)
			ReleaseScriptCaches (1ms)
			RebuildScriptCaches (32ms)
			SetupLoadedEditorAssemblies (313ms)
				LogAssemblyErrors (0ms)
				InitializePlatformSupportModulesInManaged (5ms)
				SetLoadedEditorAssemblies (0ms)
				RefreshPlugins (2ms)
				BeforeProcessingInitializeOnLoad (65ms)
				ProcessInitializeOnLoadAttributes (229ms)
				ProcessInitializeOnLoadMethodAttributes (7ms)
				AfterProcessingInitializeOnLoad (4ms)
				EditorAssembliesLoaded (0ms)
			ExecutionOrderSort2 (0ms)
			AwakeInstancesAfterBackupRestoration (5ms)
Platform modules already initialized, skipping
Switching build target platform(19) subTarget(0) extendedPlatform(0) -> platform(13) subTarget(537395200) extendedPlatform(0)
Shader 'Oculus/OVRMRCameraFrameLit': fallback shader 'Alpha-Diffuse' not found
Refreshing native plugins compatible for Editor in 1.10 ms, found 6 plugins.
Preloading 1 native plugins for Editor in 0.07 ms.
Unloading 2867 Unused Serialized files (Serialized files now loaded: 0)
System memory in use before: 233.1 MB.
System memory in use after: 233.0 MB.

Unloading 40 unused Assets to reduce memory usage. Loaded Objects now: 3555.
Total: 3.479800 ms (FindLiveObjects: 0.338900 ms CreateObjectMapping: 0.182200 ms MarkObjects: 2.758500 ms  DeleteObjects: 0.199000 ms)

AssetImportParameters requested are different than current active one (requested -> active):
  custom:framework-win-MediaFoundation: 216162199b28c13a410421893ffa2e32 -> 
  custom:video-decoder-ogg-theora: a1e56fd34408186e4bbccfd4996cb3dc -> 
  custom:container-muxer-webm: aa71ff27fc2769a1b78a27578f13a17b -> 
  custom:container-demuxer-webm: 4f35f7cbe854078d1ac9338744f61a02 -> 
  custom:container-demuxer-ogg: 62fdf1f143b41e24485cea50d1cbac27 -> 
  custom:video-encoder-webm-vp8: eb34c28f22e8b96e1ab97ce403110664 -> 
  custom:video-decoder-webm-vp8: 9c59270c3fd7afecdb556c50c9e8de78 -> 
  custom:graphics/normal-map-encoding: 01000000000000000000000000000000 -> 02000000000000000000000000000000
  custom:audio-decoder-ogg-vorbis: bf7c407c2cedff20999df2af8eb42d56 -> 
  custom:audio-encoder-webm-vorbis: bf7c407c2cedff20999df2af8eb42d56 -> 
========================================================================
Received Prepare
Registering precompiled user dll's ...
Registered in 0.004934 seconds.
Begin MonoManager ReloadAssembly
Native extension for WindowsStandalone target not found
Native extension for OSXStandalone target not found
Native extension for WebGL target not found
Refreshing native plugins compatible for Editor in 1.34 ms, found 6 plugins.
Preloading 1 native plugins for Editor in 0.07 ms.
Mono: successfully reloaded assembly
- Completed reload, in  1.081 seconds
Domain Reload Profiling:
	ReloadAssembly (1081ms)
		BeginReloadAssembly (132ms)
			ExecutionOrderSort (0ms)
			DisableScriptedObjects (4ms)
			BackupInstance (0ms)
			ReleaseScriptingObjects (0ms)
			CreateAndSetChildDomain (44ms)
		EndReloadAssembly (880ms)
			LoadAssemblies (91ms)
			RebuildTransferFunctionScriptingTraits (0ms)
			SetupTypeCache (298ms)
			ReleaseScriptCaches (1ms)
			RebuildScriptCaches (50ms)
			SetupLoadedEditorAssemblies (333ms)
				LogAssemblyErrors (0ms)
				InitializePlatformSupportModulesInManaged (5ms)
				SetLoadedEditorAssemblies (0ms)
				RefreshPlugins (1ms)
				BeforeProcessingInitializeOnLoad (67ms)
				ProcessInitializeOnLoadAttributes (248ms)
				ProcessInitializeOnLoadMethodAttributes (7ms)
				AfterProcessingInitializeOnLoad (5ms)
				EditorAssembliesLoaded (0ms)
			ExecutionOrderSort2 (0ms)
			AwakeInstancesAfterBackupRestoration (5ms)
Platform modules already initialized, skipping
Switching build target platform(19) subTarget(0) extendedPlatform(0) -> platform(13) subTarget(537395200) extendedPlatform(0)
Shader 'Oculus/OVRMRCameraFrameLit': fallback shader 'Alpha-Diffuse' not found
Refreshing native plugins compatible for Editor in 1.39 ms, found 6 plugins.
Preloading 1 native plugins for Editor in 0.08 ms.
Unloading 2867 Unused Serialized files (Serialized files now loaded: 0)
System memory in use before: 235.0 MB.
System memory in use after: 234.8 MB.

Unloading 40 unused Assets to reduce memory usage. Loaded Objects now: 3558.
Total: 4.056300 ms (FindLiveObjects: 0.366400 ms CreateObjectMapping: 0.314800 ms MarkObjects: 3.065100 ms  DeleteObjects: 0.309000 ms)

AssetImportParameters requested are different than current active one (requested -> active):
  custom:framework-win-MediaFoundation: 216162199b28c13a410421893ffa2e32 -> 
  custom:video-decoder-ogg-theora: a1e56fd34408186e4bbccfd4996cb3dc -> 
  custom:container-muxer-webm: aa71ff27fc2769a1b78a27578f13a17b -> 
  custom:container-demuxer-webm: 4f35f7cbe854078d1ac9338744f61a02 -> 
  custom:container-demuxer-ogg: 62fdf1f143b41e24485cea50d1cbac27 -> 
  custom:video-encoder-webm-vp8: eb34c28f22e8b96e1ab97ce403110664 -> 
  custom:video-decoder-webm-vp8: 9c59270c3fd7afecdb556c50c9e8de78 -> 
  custom:graphics/normal-map-encoding: 01000000000000000000000000000000 -> 02000000000000000000000000000000
  custom:audio-decoder-ogg-vorbis: bf7c407c2cedff20999df2af8eb42d56 -> 
  custom:audio-encoder-webm-vorbis: bf7c407c2cedff20999df2af8eb42d56 -> 
========================================================================
Received Prepare
Registering precompiled user dll's ...
Registered in 0.004142 seconds.
Begin MonoManager ReloadAssembly
Native extension for WindowsStandalone target not found
Native extension for OSXStandalone target not found
Native extension for WebGL target not found
Refreshing native plugins compatible for Editor in 1.13 ms, found 6 plugins.
Preloading 1 native plugins for Editor in 0.06 ms.
Mono: successfully reloaded assembly
- Completed reload, in  0.822 seconds
Domain Reload Profiling:
	ReloadAssembly (822ms)
		BeginReloadAssembly (90ms)
			ExecutionOrderSort (0ms)
			DisableScriptedObjects (3ms)
			BackupInstance (0ms)
			ReleaseScriptingObjects (0ms)
			CreateAndSetChildDomain (32ms)
		EndReloadAssembly (688ms)
			LoadAssemblies (65ms)
			RebuildTransferFunctionScriptingTraits (0ms)
			SetupTypeCache (202ms)
			ReleaseScriptCaches (1ms)
			RebuildScriptCaches (29ms)
			SetupLoadedEditorAssemblies (307ms)
				LogAssemblyErrors (0ms)
				InitializePlatformSupportModulesInManaged (5ms)
				SetLoadedEditorAssemblies (1ms)
				RefreshPlugins (1ms)
				BeforeProcessingInitializeOnLoad (63ms)
				ProcessInitializeOnLoadAttributes (225ms)
				ProcessInitializeOnLoadMethodAttributes (7ms)
				AfterProcessingInitializeOnLoad (4ms)
				EditorAssembliesLoaded (0ms)
			ExecutionOrderSort2 (0ms)
			AwakeInstancesAfterBackupRestoration (5ms)
Platform modules already initialized, skipping
Switching build target platform(19) subTarget(0) extendedPlatform(0) -> platform(13) subTarget(537395200) extendedPlatform(0)
Shader 'Oculus/OVRMRCameraFrameLit': fallback shader 'Alpha-Diffuse' not found
Refreshing native plugins compatible for Editor in 2.17 ms, found 6 plugins.
Preloading 1 native plugins for Editor in 0.10 ms.
Unloading 2867 Unused Serialized files (Serialized files now loaded: 0)
System memory in use before: 235.0 MB.
System memory in use after: 234.8 MB.

Unloading 40 unused Assets to reduce memory usage. Loaded Objects now: 3561.
Total: 3.936200 ms (FindLiveObjects: 0.365900 ms CreateObjectMapping: 0.169900 ms MarkObjects: 3.098100 ms  DeleteObjects: 0.301400 ms)

AssetImportParameters requested are different than current active one (requested -> active):
  custom:framework-win-MediaFoundation: 216162199b28c13a410421893ffa2e32 -> 
  custom:video-decoder-ogg-theora: a1e56fd34408186e4bbccfd4996cb3dc -> 
  custom:container-muxer-webm: aa71ff27fc2769a1b78a27578f13a17b -> 
  custom:container-demuxer-webm: 4f35f7cbe854078d1ac9338744f61a02 -> 
  custom:container-demuxer-ogg: 62fdf1f143b41e24485cea50d1cbac27 -> 
  custom:video-encoder-webm-vp8: eb34c28f22e8b96e1ab97ce403110664 -> 
  custom:video-decoder-webm-vp8: 9c59270c3fd7afecdb556c50c9e8de78 -> 
  custom:graphics/normal-map-encoding: 01000000000000000000000000000000 -> 02000000000000000000000000000000
  custom:audio-decoder-ogg-vorbis: bf7c407c2cedff20999df2af8eb42d56 -> 
  custom:audio-encoder-webm-vorbis: bf7c407c2cedff20999df2af8eb42d56 -> 
========================================================================
Received Prepare
Registering precompiled user dll's ...
Registered in 0.004555 seconds.
Begin MonoManager ReloadAssembly
Native extension for WindowsStandalone target not found
Native extension for OSXStandalone target not found
Native extension for WebGL target not found
Refreshing native plugins compatible for Editor in 1.52 ms, found 6 plugins.
Preloading 1 native plugins for Editor in 0.07 ms.
Mono: successfully reloaded assembly
- Completed reload, in  0.856 seconds
Domain Reload Profiling:
	ReloadAssembly (857ms)
		BeginReloadAssembly (106ms)
			ExecutionOrderSort (0ms)
			DisableScriptedObjects (3ms)
			BackupInstance (0ms)
			ReleaseScriptingObjects (0ms)
			CreateAndSetChildDomain (31ms)
		EndReloadAssembly (702ms)
			LoadAssemblies (73ms)
			RebuildTransferFunctionScriptingTraits (0ms)
			SetupTypeCache (214ms)
			ReleaseScriptCaches (1ms)
			RebuildScriptCaches (28ms)
			SetupLoadedEditorAssemblies (303ms)
				LogAssemblyErrors (0ms)
				InitializePlatformSupportModulesInManaged (4ms)
				SetLoadedEditorAssemblies (0ms)
				RefreshPlugins (2ms)
				BeforeProcessingInitializeOnLoad (61ms)
				ProcessInitializeOnLoadAttributes (224ms)
				ProcessInitializeOnLoadMethodAttributes (7ms)
				AfterProcessingInitializeOnLoad (4ms)
				EditorAssembliesLoaded (0ms)
			ExecutionOrderSort2 (0ms)
			AwakeInstancesAfterBackupRestoration (5ms)
Platform modules already initialized, skipping
Switching build target platform(19) subTarget(0) extendedPlatform(0) -> platform(13) subTarget(537395200) extendedPlatform(0)
Shader 'Oculus/OVRMRCameraFrameLit': fallback shader 'Alpha-Diffuse' not found
Refreshing native plugins compatible for Editor in 1.07 ms, found 6 plugins.
Preloading 1 native plugins for Editor in 0.07 ms.
Unloading 2867 Unused Serialized files (Serialized files now loaded: 0)
System memory in use before: 233.2 MB.
System memory in use after: 233.1 MB.

Unloading 40 unused Assets to reduce memory usage. Loaded Objects now: 3564.
Total: 3.937000 ms (FindLiveObjects: 0.327300 ms CreateObjectMapping: 0.161800 ms MarkObjects: 3.188300 ms  DeleteObjects: 0.258500 ms)

AssetImportParameters requested are different than current active one (requested -> active):
  custom:framework-win-MediaFoundation: 216162199b28c13a410421893ffa2e32 -> 
  custom:video-decoder-ogg-theora: a1e56fd34408186e4bbccfd4996cb3dc -> 
  custom:container-muxer-webm: aa71ff27fc2769a1b78a27578f13a17b -> 
  custom:container-demuxer-webm: 4f35f7cbe854078d1ac9338744f61a02 -> 
  custom:container-demuxer-ogg: 62fdf1f143b41e24485cea50d1cbac27 -> 
  custom:video-encoder-webm-vp8: eb34c28f22e8b96e1ab97ce403110664 -> 
  custom:video-decoder-webm-vp8: 9c59270c3fd7afecdb556c50c9e8de78 -> 
  custom:graphics/normal-map-encoding: 01000000000000000000000000000000 -> 02000000000000000000000000000000
  custom:audio-decoder-ogg-vorbis: bf7c407c2cedff20999df2af8eb42d56 -> 
  custom:audio-encoder-webm-vorbis: bf7c407c2cedff20999df2af8eb42d56 -> 
========================================================================
Received Prepare
Registering precompiled user dll's ...
Registered in 0.004095 seconds.
Begin MonoManager ReloadAssembly
Native extension for WindowsStandalone target not found
Native extension for OSXStandalone target not found
Native extension for WebGL target not found
Refreshing native plugins compatible for Editor in 1.20 ms, found 6 plugins.
Preloading 1 native plugins for Editor in 0.07 ms.
Mono: successfully reloaded assembly
- Completed reload, in  0.866 seconds
Domain Reload Profiling:
	ReloadAssembly (866ms)
		BeginReloadAssembly (97ms)
			ExecutionOrderSort (0ms)
			DisableScriptedObjects (3ms)
			BackupInstance (0ms)
			ReleaseScriptingObjects (0ms)
			CreateAndSetChildDomain (29ms)
		EndReloadAssembly (725ms)
			LoadAssemblies (69ms)
			RebuildTransferFunctionScriptingTraits (0ms)
			SetupTypeCache (214ms)
			ReleaseScriptCaches (1ms)
			RebuildScriptCaches (29ms)
			SetupLoadedEditorAssemblies (311ms)
				LogAssemblyErrors (0ms)
				InitializePlatformSupportModulesInManaged (7ms)
				SetLoadedEditorAssemblies (0ms)
				RefreshPlugins (1ms)
				BeforeProcessingInitializeOnLoad (66ms)
				ProcessInitializeOnLoadAttributes (225ms)
				ProcessInitializeOnLoadMethodAttributes (7ms)
				AfterProcessingInitializeOnLoad (5ms)
				EditorAssembliesLoaded (0ms)
			ExecutionOrderSort2 (0ms)
			AwakeInstancesAfterBackupRestoration (5ms)
Platform modules already initialized, skipping
Switching build target platform(19) subTarget(0) extendedPlatform(0) -> platform(13) subTarget(537395200) extendedPlatform(0)
Shader 'Oculus/OVRMRCameraFrameLit': fallback shader 'Alpha-Diffuse' not found
Refreshing native plugins compatible for Editor in 1.11 ms, found 6 plugins.
Preloading 1 native plugins for Editor in 0.07 ms.
Unloading 2867 Unused Serialized files (Serialized files now loaded: 0)
System memory in use before: 235.0 MB.
System memory in use after: 234.9 MB.

Unloading 40 unused Assets to reduce memory usage. Loaded Objects now: 3567.
Total: 3.178500 ms (FindLiveObjects: 0.284200 ms CreateObjectMapping: 0.099300 ms MarkObjects: 2.520500 ms  DeleteObjects: 0.273900 ms)

AssetImportParameters requested are different than current active one (requested -> active):
  custom:framework-win-MediaFoundation: 216162199b28c13a410421893ffa2e32 -> 
  custom:video-decoder-ogg-theora: a1e56fd34408186e4bbccfd4996cb3dc -> 
  custom:container-muxer-webm: aa71ff27fc2769a1b78a27578f13a17b -> 
  custom:container-demuxer-webm: 4f35f7cbe854078d1ac9338744f61a02 -> 
  custom:container-demuxer-ogg: 62fdf1f143b41e24485cea50d1cbac27 -> 
  custom:video-encoder-webm-vp8: eb34c28f22e8b96e1ab97ce403110664 -> 
  custom:video-decoder-webm-vp8: 9c59270c3fd7afecdb556c50c9e8de78 -> 
  custom:graphics/normal-map-encoding: 01000000000000000000000000000000 -> 02000000000000000000000000000000
  custom:audio-decoder-ogg-vorbis: bf7c407c2cedff20999df2af8eb42d56 -> 
  custom:audio-encoder-webm-vorbis: bf7c407c2cedff20999df2af8eb42d56 -> 
========================================================================
Received Prepare
Shader 'Oculus/OVRMRCameraFrameLit': fallback shader 'Alpha-Diffuse' not found
Refreshing native plugins compatible for Editor in 8.88 ms, found 6 plugins.
Preloading 1 native plugins for Editor in 0.05 ms.
Unloading 36 Unused Serialized files (Serialized files now loaded: 0)
System memory in use before: 175.9 MB.
System memory in use after: 175.7 MB.

Unloading 36 unused Assets to reduce memory usage. Loaded Objects now: 3567.
Total: 4.492000 ms (FindLiveObjects: 0.317900 ms CreateObjectMapping: 0.162300 ms MarkObjects: 3.706500 ms  DeleteObjects: 0.304700 ms)

AssetImportParameters requested are different than current active one (requested -> active):
  custom:framework-win-MediaFoundation: 216162199b28c13a410421893ffa2e32 -> 
  custom:video-decoder-ogg-theora: a1e56fd34408186e4bbccfd4996cb3dc -> 
  custom:container-muxer-webm: aa71ff27fc2769a1b78a27578f13a17b -> 
  custom:container-demuxer-webm: 4f35f7cbe854078d1ac9338744f61a02 -> 
  custom:container-demuxer-ogg: 62fdf1f143b41e24485cea50d1cbac27 -> 
  custom:video-encoder-webm-vp8: eb34c28f22e8b96e1ab97ce403110664 -> 
  custom:video-decoder-webm-vp8: 9c59270c3fd7afecdb556c50c9e8de78 -> 
  custom:audio-decoder-ogg-vorbis: bf7c407c2cedff20999df2af8eb42d56 -> 
  custom:audio-encoder-webm-vorbis: bf7c407c2cedff20999df2af8eb42d56 -> 
========================================================================
Received Prepare
Shader 'Oculus/OVRMRCameraFrameLit': fallback shader 'Alpha-Diffuse' not found
Refreshing native plugins compatible for Editor in 9.29 ms, found 6 plugins.
Preloading 1 native plugins for Editor in 0.05 ms.
Unloading 36 Unused Serialized files (Serialized files now loaded: 0)
System memory in use before: 176.0 MB.
System memory in use after: 175.8 MB.

Unloading 36 unused Assets to reduce memory usage. Loaded Objects now: 3567.
Total: 3.639700 ms (FindLiveObjects: 0.306900 ms CreateObjectMapping: 0.107100 ms MarkObjects: 2.919100 ms  DeleteObjects: 0.305900 ms)

AssetImportParameters requested are different than current active one (requested -> active):
  custom:framework-win-MediaFoundation: 216162199b28c13a410421893ffa2e32 -> 
  custom:video-decoder-ogg-theora: a1e56fd34408186e4bbccfd4996cb3dc -> 
  custom:container-muxer-webm: aa71ff27fc2769a1b78a27578f13a17b -> 
  custom:container-demuxer-webm: 4f35f7cbe854078d1ac9338744f61a02 -> 
  custom:container-demuxer-ogg: 62fdf1f143b41e24485cea50d1cbac27 -> 
  custom:video-encoder-webm-vp8: eb34c28f22e8b96e1ab97ce403110664 -> 
  custom:video-decoder-webm-vp8: 9c59270c3fd7afecdb556c50c9e8de78 -> 
  custom:audio-decoder-ogg-vorbis: bf7c407c2cedff20999df2af8eb42d56 -> 
  custom:audio-encoder-webm-vorbis: bf7c407c2cedff20999df2af8eb42d56 -> 
========================================================================
Received Prepare
Registering precompiled user dll's ...
Registered in 0.090527 seconds.
Begin MonoManager ReloadAssembly
Native extension for WindowsStandalone target not found
Native extension for OSXStandalone target not found
Native extension for WebGL target not found
Refreshing native plugins compatible for Editor in 1.11 ms, found 6 plugins.
Preloading 1 native plugins for Editor in 0.07 ms.
Mono: successfully reloaded assembly
- Completed reload, in  0.996 seconds
Domain Reload Profiling:
	ReloadAssembly (998ms)
		BeginReloadAssembly (152ms)
			ExecutionOrderSort (0ms)
			DisableScriptedObjects (9ms)
			BackupInstance (0ms)
			ReleaseScriptingObjects (0ms)
			CreateAndSetChildDomain (74ms)
		EndReloadAssembly (796ms)
			LoadAssemblies (73ms)
			RebuildTransferFunctionScriptingTraits (0ms)
			SetupTypeCache (255ms)
			ReleaseScriptCaches (1ms)
			RebuildScriptCaches (33ms)
			SetupLoadedEditorAssemblies (318ms)
				LogAssemblyErrors (0ms)
				InitializePlatformSupportModulesInManaged (5ms)
				SetLoadedEditorAssemblies (0ms)
				RefreshPlugins (1ms)
				BeforeProcessingInitializeOnLoad (59ms)
				ProcessInitializeOnLoadAttributes (241ms)
				ProcessInitializeOnLoadMethodAttributes (7ms)
				AfterProcessingInitializeOnLoad (5ms)
				EditorAssembliesLoaded (0ms)
			ExecutionOrderSort2 (0ms)
			AwakeInstancesAfterBackupRestoration (5ms)
Platform modules already initialized, skipping
Switching build target platform(19) subTarget(0) extendedPlatform(0) -> platform(13) subTarget(537395200) extendedPlatform(0)
Shader 'Oculus/OVRMRCameraFrameLit': fallback shader 'Alpha-Diffuse' not found
Refreshing native plugins compatible for Editor in 1.07 ms, found 6 plugins.
Preloading 1 native plugins for Editor in 0.06 ms.
Unloading 2867 Unused Serialized files (Serialized files now loaded: 0)
System memory in use before: 235.0 MB.
System memory in use after: 234.9 MB.

Unloading 40 unused Assets to reduce memory usage. Loaded Objects now: 3570.
Total: 3.188500 ms (FindLiveObjects: 0.345400 ms CreateObjectMapping: 0.072300 ms MarkObjects: 2.507400 ms  DeleteObjects: 0.261200 ms)

AssetImportParameters requested are different than current active one (requested -> active):
  custom:framework-win-MediaFoundation: 216162199b28c13a410421893ffa2e32 -> 
  custom:video-decoder-ogg-theora: a1e56fd34408186e4bbccfd4996cb3dc -> 
  custom:container-muxer-webm: aa71ff27fc2769a1b78a27578f13a17b -> 
  custom:container-demuxer-webm: 4f35f7cbe854078d1ac9338744f61a02 -> 
  custom:container-demuxer-ogg: 62fdf1f143b41e24485cea50d1cbac27 -> 
  custom:video-encoder-webm-vp8: eb34c28f22e8b96e1ab97ce403110664 -> 
  custom:video-decoder-webm-vp8: 9c59270c3fd7afecdb556c50c9e8de78 -> 
  custom:graphics/normal-map-encoding: 01000000000000000000000000000000 -> 02000000000000000000000000000000
  custom:audio-decoder-ogg-vorbis: bf7c407c2cedff20999df2af8eb42d56 -> 
  custom:audio-encoder-webm-vorbis: bf7c407c2cedff20999df2af8eb42d56 -> 
AssetImportWorkerClient::OnTransportError - code=2 error=End of file
